<?xml version="1.0" encoding="UTF-8"?>
<testsuite xmlns:xsi="http://www.w3.org/2001/XMLSchema-instance" xsi:schemaLocation="https://maven.apache.org/surefire/maven-surefire-plugin/xsd/surefire-test-report.xsd" name="CucumberRunner" time="95.079" tests="21" errors="0" skipped="0" failures="0">
  <properties>
    <property name="idea.version" value="2017.3.4"/>
    <property name="java.runtime.name" value="Java(TM) SE Runtime Environment"/>
    <property name="sun.boot.library.path" value="C:\Program Files\Java\jdk1.8.0_144\jre\bin"/>
    <property name="java.vm.version" value="25.144-b01"/>
    <property name="java.vm.vendor" value="Oracle Corporation"/>
    <property name="maven.multiModuleProjectDirectory" value="D:\Aplana\Aplana\ozonAllureCucumber"/>
    <property name="java.vendor.url" value="http://java.oracle.com/"/>
    <property name="path.separator" value=";"/>
    <property name="guice.disable.misplaced.annotation.check" value="true"/>
    <property name="java.vm.name" value="Java HotSpot(TM) 64-Bit Server VM"/>
    <property name="file.encoding.pkg" value="sun.io"/>
    <property name="user.script" value=""/>
    <property name="user.country" value="GB"/>
    <property name="sun.java.launcher" value="SUN_STANDARD"/>
    <property name="sun.os.patch.level" value=""/>
    <property name="java.vm.specification.name" value="Java Virtual Machine Specification"/>
    <property name="user.dir" value="D:\Aplana\Aplana\ozonAllureCucumber"/>
    <property name="java.runtime.version" value="1.8.0_144-b01"/>
    <property name="java.awt.graphicsenv" value="sun.awt.Win32GraphicsEnvironment"/>
    <property name="java.endorsed.dirs" value="C:\Program Files\Java\jdk1.8.0_144\jre\lib\endorsed"/>
    <property name="os.arch" value="amd64"/>
    <property name="java.io.tmpdir" value="C:\Users\Alina\AppData\Local\Temp\"/>
    <property name="line.separator" value="&#10;"/>
    <property name="java.vm.specification.vendor" value="Oracle Corporation"/>
    <property name="user.variant" value=""/>
    <property name="os.name" value="Windows 10"/>
    <property name="classworlds.conf" value="C:\Program Files\JetBrains\IntelliJ IDEA Community Edition 2017.3.4\plugins\maven\lib\maven3\bin\m2.conf"/>
    <property name="sun.jnu.encoding" value="Cp1251"/>
    <property name="java.library.path" value="C:\Program Files\Java\jdk1.8.0_144\bin;C:\WINDOWS\Sun\Java\bin;C:\WINDOWS\system32;C:\WINDOWS;C:\ProgramData\Oracle\Java\javapath;C:\Python27\;C:\Python27\Scripts;C:\Program Files (x86)\Intel\iCLS Client\;C:\Program Files\Intel\iCLS Client\;C:\WINDOWS\system32;C:\WINDOWS;C:\WINDOWS\System32\Wbem;C:\WINDOWS\System32\WindowsPowerShell\v1.0\;C:\Program Files\Intel\Intel(R) Management Engine Components\DAL;C:\Program Files (x86)\Intel\Intel(R) Management Engine Components\DAL;C:\Program Files\Intel\Intel(R) Management Engine Components\IPT;C:\Program Files (x86)\Intel\Intel(R) Management Engine Components\IPT;C:\Program Files\Intel\WiFi\bin\;C:\Program Files\Common Files\Intel\WirelessCommon\;C:\Program Files (x86)\NVIDIA Corporation\PhysX\Common;C:\WINDOWS\system32;C:\WINDOWS;C:\WINDOWS\System32\Wbem;C:\WINDOWS\System32\WindowsPowerShell\v1.0\;C:\Program Files (x86)\Microsoft VS Code;C:\Program Files\Git\cmd;C:\Program Files\TortoiseGit\bin;C:\Program Files\Java\jdk1.8.0_144\bin;C:\Program Files\MySQL\MySQL Utilities 1.6\;C:\Program Files\MySQL\MySQL Server 5.7\bin;C:\Program Files\Maven\bin;C:\Program Files (x86)\Skype\Phone\;C:\Users\Alina\AppData\Local\Microsoft\WindowsApps;C:\Program Files (x86)\Microsoft VS Code\bin;C:\Program Files (x86)\Microsoft VS Code;;."/>
    <property name="java.specification.name" value="Java Platform API Specification"/>
    <property name="java.class.version" value="52.0"/>
    <property name="sun.management.compiler" value="HotSpot 64-Bit Tiered Compilers"/>
    <property name="os.version" value="10.0"/>
    <property name="user.home" value="C:\Users\Alina"/>
    <property name="user.timezone" value="Europe/Moscow"/>
    <property name="java.awt.printerjob" value="sun.awt.windows.WPrinterJob"/>
    <property name="java.specification.version" value="1.8"/>
    <property name="file.encoding" value="UTF-8"/>
    <property name="user.name" value="Alina"/>
    <property name="java.class.path" value="C:\Program Files\JetBrains\IntelliJ IDEA Community Edition 2017.3.4\plugins\maven\lib\maven3\boot\plexus-classworlds-2.5.2.jar;C:\Program Files\JetBrains\IntelliJ IDEA Community Edition 2017.3.4\lib\idea_rt.jar"/>
    <property name="java.vm.specification.version" value="1.8"/>
    <property name="sun.arch.data.model" value="64"/>
    <property name="java.home" value="C:\Program Files\Java\jdk1.8.0_144\jre"/>
    <property name="sun.java.command" value="org.codehaus.classworlds.Launcher -Didea.version=2017.3.4 clean -Denvironment=application install"/>
    <property name="java.specification.vendor" value="Oracle Corporation"/>
    <property name="user.language" value="en"/>
    <property name="awt.toolkit" value="sun.awt.windows.WToolkit"/>
    <property name="java.vm.info" value="mixed mode"/>
    <property name="java.version" value="1.8.0_144"/>
    <property name="java.ext.dirs" value="C:\Program Files\Java\jdk1.8.0_144\jre\lib\ext;C:\WINDOWS\Sun\Java\lib\ext"/>
    <property name="sun.boot.class.path" value="C:\Program Files\Java\jdk1.8.0_144\jre\lib\resources.jar;C:\Program Files\Java\jdk1.8.0_144\jre\lib\rt.jar;C:\Program Files\Java\jdk1.8.0_144\jre\lib\sunrsasign.jar;C:\Program Files\Java\jdk1.8.0_144\jre\lib\jsse.jar;C:\Program Files\Java\jdk1.8.0_144\jre\lib\jce.jar;C:\Program Files\Java\jdk1.8.0_144\jre\lib\charsets.jar;C:\Program Files\Java\jdk1.8.0_144\jre\lib\jfr.jar;C:\Program Files\Java\jdk1.8.0_144\jre\classes"/>
    <property name="java.vendor" value="Oracle Corporation"/>
    <property name="environment" value="application"/>
    <property name="maven.home" value="C:\Program Files\JetBrains\IntelliJ IDEA Community Edition 2017.3.4\plugins\maven\lib\maven3"/>
    <property name="file.separator" value="\"/>
    <property name="java.vendor.url.bug" value="http://bugreport.sun.com/bugreport/"/>
    <property name="sun.cpu.endian" value="little"/>
    <property name="sun.io.unicode.encoding" value="UnicodeLittle"/>
    <property name="sun.desktop" value="windows"/>
    <property name="sun.cpu.isalist" value="amd64"/>
  </properties>
  <testcase name="Когда выбран пункт меню &quot;Электроника&quot;" classname="Сценарий: Добавление и удаление iPhone" time="0.003"/>
  <testcase name="И выбрана категория &quot;Телефоны&quot;" classname="Сценарий: Добавление и удаление iPhone" time="0"/>
  <testcase name="И выбран производитель &quot;Apple&quot;" classname="Сценарий: Добавление и удаление iPhone" time="0"/>
  <testcase name="И заполнена цена от &quot;50000&quot;" classname="Сценарий: Добавление и удаление iPhone" time="0"/>
  <testcase name="И когда добавлен первый товар в корзину и запомнены название и цена" classname="Сценарий: Добавление и удаление iPhone" time="0"/>
  <testcase name="И совершен переход в корзину" classname="Сценарий: Добавление и удаление iPhone" time="0"/>
  <testcase name="Тогда проверить наличие добавленного товара в корзине" classname="Сценарий: Добавление и удаление iPhone" time="0"/>
  <testcase name="Когда нажата кнопка удалить все" classname="Сценарий: Добавление и удаление iPhone" time="0"/>
  <testcase name="Тогда проверить, что корзина пуста" classname="Сценарий: Добавление и удаление iPhone" time="0"/>
  <testcase name="Сценарий: Добавление и удаление iPhone" classname="Сценарий: Добавление и удаление iPhone" time="0.95"/>
  <testcase name="Когда выбран пункт меню &quot;Электроника&quot;" classname="Сценарий: Добавление и удаление Зеркального фотоаппарата" time="0"/>
  <testcase name="И выбрана категория &quot;Зеркальные фотоаппараты&quot;" classname="Сценарий: Добавление и удаление Зеркального фотоаппарата" time="0"/>
  <testcase name="И выбран производитель &quot;Nikon&quot;" classname="Сценарий: Добавление и удаление Зеркального фотоаппарата" time="0"/>
  <testcase name="И выбран производитель &quot;Canon&quot;" classname="Сценарий: Добавление и удаление Зеркального фотоаппарата" time="0"/>
  <testcase name="И заполнена цена от &quot;80000&quot;" classname="Сценарий: Добавление и удаление Зеркального фотоаппарата" time="0"/>
  <testcase name="И когда добавлен первый товар в корзину и запомнены название и цена" classname="Сценарий: Добавление и удаление Зеркального фотоаппарата" time="0"/>
  <testcase name="И совершен переход в корзину" classname="Сценарий: Добавление и удаление Зеркального фотоаппарата" time="0"/>
  <testcase name="Тогда проверить наличие добавленного товара в корзине" classname="Сценарий: Добавление и удаление Зеркального фотоаппарата" time="0"/>
  <testcase name="Когда нажата кнопка удалить все" classname="Сценарий: Добавление и удаление Зеркального фотоаппарата" time="0"/>
  <testcase name="Тогда проверить, что корзина пуста" classname="Сценарий: Добавление и удаление Зеркального фотоаппарата" time="0"/>
  <testcase name="Сценарий: Добавление и удаление Зеркального фотоаппарата" classname="Сценарий: Добавление и удаление Зеркального фотоаппарата" time="0.935"/>
</testsuite>